nohup: ignoring input
2026-06-21T20:52:07+08:00
2026-06-21 20:52:14.333 | INFO     | crypto_quant.data.sync:run:57 - syncing 0G/USDT 1h 2026-06-18 18:00:00+00:00 -> 2026-06-21 12:00:00+00:00
2026-06-21 20:52:15.018 | INFO     | crypto_quant.data.sync:run:57 - syncing 1000CAT/USDT 1h 2026-06-18 18:00:00+00:00 -> 2026-06-21 12:00:00+00:00
2026-06-21 20:52:15.193 | INFO     | crypto_quant.data.sync:run:57 - syncing 1000CHEEMS/USDT 1h 2026-06-18 18:00:00+00:00 -> 2026-06-21 12:00:00+00:00
2026-06-21 20:52:15.360 | INFO     | crypto_quant.data.sync:run:57 - syncing 1000SATS/USDT 1h 2026-06-18 18:00:00+00:00 -> 2026-06-21 12:00:00+00:00
2026-06-21 20:52:15.525 | INFO     | crypto_quant.data.sync:run:57 - syncing 1INCH/USDT 1h 2026-06-18 18:00:00+00:00 -> 2026-06-21 12:00:00+00:00
2026-06-21 20:52:15.692 | INFO     | crypto_quant.data.sync:run:57 - syncing 1MBABYDOGE/USDT 1h 2026-06-18 18:00:00+00:00 -> 2026-06-21 12:00:00+00:00
2026-06-21 20:52:15.859 | INFO     | crypto_quant.data.sync:run:57 - syncing 2Z/USDT 1h 2026-06-18 18:00:00+00:00 -> 2026-06-21 12:00:00+00:00
2026-06-21 20:52:16.020 | INFO     | crypto_quant.data.sync:run:57 - syncing A/USDT 1h 2026-06-18 18:00:00+00:00 -> 2026-06-21 12:00:00+00:00
2026-06-21 20:52:16.321 | INFO     | crypto_quant.data.sync:run:57 - syncing AAVE/USDT 1h 2026-06-18 18:00:00+00:00 -> 2026-06-21 12:00:00+00:00
2026-06-21 20:52:16.486 | INFO     | crypto_quant.data.sync:run:57 - syncing ACE/USDT 1h 2026-06-18 18:00:00+00:00 -> 2026-06-21 12:00:00+00:00
2026-06-21 20:52:16.653 | INFO     | crypto_quant.data.sync:run:57 - syncing ACH/USDT 1h 2026-06-18 18:00:00+00:00 -> 2026-06-21 12:00:00+00:00
2026-06-21 20:52:16.818 | INFO     | crypto_quant.data.sync:run:57 - syncing ACM/USDT 1h 2026-06-18 18:00:00+00:00 -> 2026-06-21 12:00:00+00:00
2026-06-21 20:52:16.983 | INFO     | crypto_quant.data.sync:run:57 - syncing ACT/USDT 1h 2026-06-18 18:00:00+00:00 -> 2026-06-21 12:00:00+00:00
2026-06-21 20:52:17.174 | INFO     | crypto_quant.data.sync:run:57 - syncing ACX/USDT 1h 2026-06-18 18:00:00+00:00 -> 2026-06-21 12:00:00+00:00
2026-06-21 20:52:17.342 | INFO     | crypto_quant.data.sync:run:57 - syncing ADA/USDT 1h 2026-06-18 18:00:00+00:00 -> 2026-06-21 12:00:00+00:00
2026-06-21 20:52:17.506 | INFO     | crypto_quant.data.sync:run:57 - syncing ADX/USDT 1h 2026-06-18 18:00:00+00:00 -> 2026-06-21 12:00:00+00:00
2026-06-21 20:52:17.669 | INFO     | crypto_quant.data.sync:run:57 - syncing AEUR/USDT 1h 2026-06-18 18:00:00+00:00 -> 2026-06-21 12:00:00+00:00
2026-06-21 20:52:17.982 | INFO     | crypto_quant.data.sync:run:57 - syncing AEVO/USDT 1h 2026-06-18 18:00:00+00:00 -> 2026-06-21 12:00:00+00:00
2026-06-21 20:52:18.145 | INFO     | crypto_quant.data.sync:run:57 - syncing AGLD/USDT 1h 2026-06-18 18:00:00+00:00 -> 2026-06-21 12:00:00+00:00
2026-06-21 20:52:18.315 | INFO     | crypto_quant.data.sync:run:57 - syncing AI/USDT 1h 2026-06-18 18:00:00+00:00 -> 2026-06-21 12:00:00+00:00
2026-06-21 20:52:18.478 | INFO     | crypto_quant.data.sync:run:57 - syncing AIGENSYN/USDT 1h 2026-06-18 18:00:00+00:00 -> 2026-06-21 12:00:00+00:00
2026-06-21 20:52:18.645 | INFO     | crypto_quant.data.sync:run:57 - syncing AIXBT/USDT 1h 2026-06-18 18:00:00+00:00 -> 2026-06-21 12:00:00+00:00
2026-06-21 20:52:18.812 | INFO     | crypto_quant.data.sync:run:57 - syncing ALCX/USDT 1h 2026-06-18 18:00:00+00:00 -> 2026-06-21 12:00:00+00:00
2026-06-21 20:52:18.976 | INFO     | crypto_quant.data.sync:run:57 - syncing ALGO/USDT 1h 2026-06-18 18:00:00+00:00 -> 2026-06-21 12:00:00+00:00
2026-06-21 20:52:19.139 | INFO     | crypto_quant.data.sync:run:57 - syncing ALICE/USDT 1h 2026-06-18 18:00:00+00:00 -> 2026-06-21 12:00:00+00:00
2026-06-21 20:52:19.300 | INFO     | crypto_quant.data.sync:run:57 - syncing ALLO/USDT 1h 2026-06-18 18:00:00+00:00 -> 2026-06-21 12:00:00+00:00
2026-06-21 20:52:19.465 | INFO     | crypto_quant.data.sync:run:57 - syncing ALPINE/USDT 1h 2026-06-18 18:00:00+00:00 -> 2026-06-21 12:00:00+00:00
2026-06-21 20:52:19.670 | INFO     | crypto_quant.data.sync:run:57 - syncing ALT/USDT 1h 2026-06-18 18:00:00+00:00 -> 2026-06-21 12:00:00+00:00
2026-06-21 20:52:19.835 | INFO     | crypto_quant.data.sync:run:57 - syncing AMP/USDT 1h 2026-06-18 18:00:00+00:00 -> 2026-06-21 12:00:00+00:00
2026-06-21 20:52:19.997 | INFO     | crypto_quant.data.sync:run:57 - syncing ANIME/USDT 1h 2026-06-18 18:00:00+00:00 -> 2026-06-21 12:00:00+00:00
2026-06-21 20:52:20.161 | INFO     | crypto_quant.data.sync:run:57 - syncing ANKR/USDT 1h 2026-06-18 18:00:00+00:00 -> 2026-06-21 12:00:00+00:00
2026-06-21 20:52:20.370 | INFO     | crypto_quant.data.sync:run:57 - syncing APE/USDT 1h 2026-06-18 18:00:00+00:00 -> 2026-06-21 12:00:00+00:00
2026-06-21 20:52:20.538 | INFO     | crypto_quant.data.sync:run:57 - syncing API3/USDT 1h 2026-06-18 18:00:00+00:00 -> 2026-06-21 12:00:00+00:00
2026-06-21 20:52:20.750 | INFO     | crypto_quant.data.sync:run:57 - syncing APT/USDT 1h 2026-06-18 18:00:00+00:00 -> 2026-06-21 12:00:00+00:00
2026-06-21 20:52:20.920 | INFO     | crypto_quant.data.sync:run:57 - syncing AR/USDT 1h 2026-06-18 18:00:00+00:00 -> 2026-06-21 12:00:00+00:00
2026-06-21 20:52:21.098 | INFO     | crypto_quant.data.sync:run:57 - syncing ARB/USDT 1h 2026-06-18 18:00:00+00:00 -> 2026-06-21 12:00:00+00:00
2026-06-21 20:52:21.394 | INFO     | crypto_quant.data.sync:run:57 - syncing ARDR/USDT 1h 2026-06-18 18:00:00+00:00 -> 2026-06-21 12:00:00+00:00
2026-06-21 20:52:21.702 | INFO     | crypto_quant.data.sync:run:57 - syncing ARK/USDT 1h 2026-06-18 18:00:00+00:00 -> 2026-06-21 12:00:00+00:00
2026-06-21 20:52:21.869 | INFO     | crypto_quant.data.sync:run:57 - syncing ARKM/USDT 1h 2026-06-18 18:00:00+00:00 -> 2026-06-21 12:00:00+00:00
2026-06-21 20:52:22.052 | INFO     | crypto_quant.data.sync:run:57 - syncing ARPA/USDT 1h 2026-06-18 18:00:00+00:00 -> 2026-06-21 12:00:00+00:00
2026-06-21 20:52:22.222 | INFO     | crypto_quant.data.sync:run:57 - syncing ASR/USDT 1h 2026-06-18 18:00:00+00:00 -> 2026-06-21 12:00:00+00:00
2026-06-21 20:52:22.381 | INFO     | crypto_quant.data.sync:run:57 - syncing ASTER/USDT 1h 2026-06-18 18:00:00+00:00 -> 2026-06-21 12:00:00+00:00
2026-06-21 20:52:22.553 | INFO     | crypto_quant.data.sync:run:57 - syncing ASTR/USDT 1h 2026-06-18 18:00:00+00:00 -> 2026-06-21 12:00:00+00:00
2026-06-21 20:52:22.864 | INFO     | crypto_quant.data.sync:run:57 - syncing AT/USDT 1h 2026-06-18 18:00:00+00:00 -> 2026-06-21 12:00:00+00:00
2026-06-21 20:52:23.027 | INFO     | crypto_quant.data.sync:run:57 - syncing ATM/USDT 1h 2026-06-18 18:00:00+00:00 -> 2026-06-21 12:00:00+00:00
2026-06-21 20:52:23.190 | INFO     | crypto_quant.data.sync:run:57 - syncing ATOM/USDT 1h 2026-06-18 18:00:00+00:00 -> 2026-06-21 12:00:00+00:00
2026-06-21 20:52:23.356 | INFO     | crypto_quant.data.sync:run:57 - syncing AUCTION/USDT 1h 2026-06-18 18:00:00+00:00 -> 2026-06-21 12:00:00+00:00
2026-06-21 20:52:23.520 | INFO     | crypto_quant.data.sync:run:57 - syncing AUDIO/USDT 1h 2026-06-18 18:00:00+00:00 -> 2026-06-21 12:00:00+00:00
2026-06-21 20:52:23.689 | INFO     | crypto_quant.data.sync:run:57 - syncing AVA/USDT 1h 2026-06-18 18:00:00+00:00 -> 2026-06-21 12:00:00+00:00
2026-06-21 20:52:23.855 | INFO     | crypto_quant.data.sync:run:57 - syncing AVAX/USDT 1h 2026-06-18 18:00:00+00:00 -> 2026-06-21 12:00:00+00:00
2026-06-21 20:52:24.020 | INFO     | crypto_quant.data.sync:run:57 - syncing AVNT/USDT 1h 2026-06-18 18:00:00+00:00 -> 2026-06-21 12:00:00+00:00
2026-06-21 20:52:24.192 | INFO     | crypto_quant.data.sync:run:57 - syncing AWE/USDT 1h 2026-06-18 18:00:00+00:00 -> 2026-06-21 12:00:00+00:00
2026-06-21 20:52:24.358 | INFO     | crypto_quant.data.sync:run:57 - syncing AXL/USDT 1h 2026-06-18 18:00:00+00:00 -> 2026-06-21 12:00:00+00:00
2026-06-21 20:52:24.533 | INFO     | crypto_quant.data.sync:run:57 - syncing AXS/USDT 1h 2026-06-18 18:00:00+00:00 -> 2026-06-21 12:00:00+00:00
2026-06-21 20:52:24.699 | INFO     | crypto_quant.data.sync:run:57 - syncing BABY/USDT 1h 2026-06-18 18:00:00+00:00 -> 2026-06-21 12:00:00+00:00
2026-06-21 20:52:24.867 | INFO     | crypto_quant.data.sync:run:57 - syncing BANANA/USDT 1h 2026-06-18 18:00:00+00:00 -> 2026-06-21 12:00:00+00:00
2026-06-21 20:52:25.175 | INFO     | crypto_quant.data.sync:run:57 - syncing BANANAS31/USDT 1h 2026-06-18 18:00:00+00:00 -> 2026-06-21 12:00:00+00:00
2026-06-21 20:52:25.339 | INFO     | crypto_quant.data.sync:run:57 - syncing BAND/USDT 1h 2026-06-18 18:00:00+00:00 -> 2026-06-21 12:00:00+00:00
2026-06-21 20:52:25.500 | INFO     | crypto_quant.data.sync:run:57 - syncing BANK/USDT 1h 2026-06-18 18:00:00+00:00 -> 2026-06-21 12:00:00+00:00
2026-06-21 20:52:25.669 | INFO     | crypto_quant.data.sync:run:57 - syncing BAR/USDT 1h 2026-06-18 18:00:00+00:00 -> 2026-06-21 12:00:00+00:00
2026-06-21 20:52:25.846 | INFO     | crypto_quant.data.sync:run:57 - syncing BARD/USDT 1h 2026-06-18 18:00:00+00:00 -> 2026-06-21 12:00:00+00:00
2026-06-21 20:52:26.012 | INFO     | crypto_quant.data.sync:run:57 - syncing BAT/USDT 1h 2026-06-18 18:00:00+00:00 -> 2026-06-21 12:00:00+00:00
2026-06-21 20:52:26.173 | INFO     | crypto_quant.data.sync:run:57 - syncing BB/USDT 1h 2026-06-18 18:00:00+00:00 -> 2026-06-21 12:00:00+00:00
2026-06-21 20:52:26.338 | INFO     | crypto_quant.data.sync:run:57 - syncing BCH/USDT 1h 2026-06-18 18:00:00+00:00 -> 2026-06-21 12:00:00+00:00
2026-06-21 20:52:26.518 | INFO     | crypto_quant.data.sync:run:57 - syncing BEAMX/USDT 1h 2026-06-18 18:00:00+00:00 -> 2026-06-21 12:00:00+00:00
2026-06-21 20:52:26.684 | INFO     | crypto_quant.data.sync:run:57 - syncing BEL/USDT 1h 2026-06-18 18:00:00+00:00 -> 2026-06-21 12:00:00+00:00
2026-06-21 20:52:26.851 | INFO     | crypto_quant.data.sync:run:57 - syncing BERA/USDT 1h 2026-06-18 18:00:00+00:00 -> 2026-06-21 12:00:00+00:00
2026-06-21 20:52:27.017 | INFO     | crypto_quant.data.sync:run:57 - syncing BFUSD/USDT 1h 2026-06-18 18:00:00+00:00 -> 2026-06-21 12:00:00+00:00
2026-06-21 20:52:27.184 | INFO     | crypto_quant.data.sync:run:57 - syncing BICO/USDT 1h 2026-06-18 18:00:00+00:00 -> 2026-06-21 12:00:00+00:00
2026-06-21 20:52:27.348 | INFO     | crypto_quant.data.sync:run:57 - syncing BIGTIME/USDT 1h 2026-06-18 18:00:00+00:00 -> 2026-06-21 12:00:00+00:00
2026-06-21 20:52:27.512 | INFO     | crypto_quant.data.sync:run:57 - syncing BIO/USDT 1h 2026-06-18 18:00:00+00:00 -> 2026-06-21 12:00:00+00:00
2026-06-21 20:52:27.676 | INFO     | crypto_quant.data.sync:run:57 - syncing BLUR/USDT 1h 2026-06-18 18:00:00+00:00 -> 2026-06-21 12:00:00+00:00
2026-06-21 20:52:27.845 | INFO     | crypto_quant.data.sync:run:57 - syncing BMT/USDT 1h 2026-06-18 18:00:00+00:00 -> 2026-06-21 12:00:00+00:00
2026-06-21 20:52:28.008 | INFO     | crypto_quant.data.sync:run:57 - syncing BNB/USDT 1h 2026-06-18 18:00:00+00:00 -> 2026-06-21 12:00:00+00:00
2026-06-21 20:52:28.170 | INFO     | crypto_quant.data.sync:run:57 - syncing BNSOL/USDT 1h 2026-06-18 18:00:00+00:00 -> 2026-06-21 12:00:00+00:00
2026-06-21 20:52:28.333 | INFO     | crypto_quant.data.sync:run:57 - syncing BNT/USDT 1h 2026-06-18 18:00:00+00:00 -> 2026-06-21 12:00:00+00:00
2026-06-21 20:52:28.496 | INFO     | crypto_quant.data.sync:run:57 - syncing BOME/USDT 1h 2026-06-18 18:00:00+00:00 -> 2026-06-21 12:00:00+00:00
2026-06-21 20:52:28.659 | INFO     | crypto_quant.data.sync:run:57 - syncing BONK/USDT 1h 2026-06-18 18:00:00+00:00 -> 2026-06-21 12:00:00+00:00
2026-06-21 20:52:28.827 | INFO     | crypto_quant.data.sync:run:57 - syncing BREV/USDT 1h 2026-06-18 18:00:00+00:00 -> 2026-06-21 12:00:00+00:00
2026-06-21 20:52:28.989 | INFO     | crypto_quant.data.sync:run:57 - syncing BROCCOLI714/USDT 1h 2026-06-18 18:00:00+00:00 -> 2026-06-21 12:00:00+00:00
2026-06-21 20:52:29.154 | INFO     | crypto_quant.data.sync:run:57 - syncing BTC/USDT 1h 2026-06-18 18:00:00+00:00 -> 2026-06-21 12:00:00+00:00
2026-06-21 20:52:29.321 | INFO     | crypto_quant.data.sync:run:57 - syncing BTTC/USDT 1h 2026-06-18 18:00:00+00:00 -> 2026-06-21 12:00:00+00:00
2026-06-21 20:52:29.486 | INFO     | crypto_quant.data.sync:run:57 - syncing C/USDT 1h 2026-06-18 18:00:00+00:00 -> 2026-06-21 12:00:00+00:00
2026-06-21 20:52:29.650 | INFO     | crypto_quant.data.sync:run:57 - syncing C98/USDT 1h 2026-06-18 18:00:00+00:00 -> 2026-06-21 12:00:00+00:00
2026-06-21 20:52:29.819 | INFO     | crypto_quant.data.sync:run:57 - syncing CAKE/USDT 1h 2026-06-18 18:00:00+00:00 -> 2026-06-21 12:00:00+00:00
2026-06-21 20:52:29.986 | INFO     | crypto_quant.data.sync:run:57 - syncing CATI/USDT 1h 2026-06-18 18:00:00+00:00 -> 2026-06-21 12:00:00+00:00
2026-06-21 20:52:30.150 | INFO     | crypto_quant.data.sync:run:57 - syncing CELO/USDT 1h 2026-06-18 18:00:00+00:00 -> 2026-06-21 12:00:00+00:00
2026-06-21 20:52:30.316 | INFO     | crypto_quant.data.sync:run:57 - syncing CELR/USDT 1h 2026-06-18 18:00:00+00:00 -> 2026-06-21 12:00:00+00:00
2026-06-21 20:52:30.490 | INFO     | crypto_quant.data.sync:run:57 - syncing CETUS/USDT 1h 2026-06-18 18:00:00+00:00 -> 2026-06-21 12:00:00+00:00
2026-06-21 20:52:30.654 | INFO     | crypto_quant.data.sync:run:57 - syncing CFG/USDT 1h 2026-06-18 18:00:00+00:00 -> 2026-06-21 12:00:00+00:00
2026-06-21 20:52:30.815 | INFO     | crypto_quant.data.sync:run:57 - syncing CFX/USDT 1h 2026-06-18 18:00:00+00:00 -> 2026-06-21 12:00:00+00:00
2026-06-21 20:52:30.981 | INFO     | crypto_quant.data.sync:run:57 - syncing CGPT/USDT 1h 2026-06-18 18:00:00+00:00 -> 2026-06-21 12:00:00+00:00
2026-06-21 20:52:31.146 | INFO     | crypto_quant.data.sync:run:57 - syncing CHIP/USDT 1h 2026-06-18 18:00:00+00:00 -> 2026-06-21 12:00:00+00:00
2026-06-21 20:52:31.318 | INFO     | crypto_quant.data.sync:run:57 - syncing CHR/USDT 1h 2026-06-18 18:00:00+00:00 -> 2026-06-21 12:00:00+00:00
2026-06-21 20:52:31.485 | INFO     | crypto_quant.data.sync:run:57 - syncing CHZ/USDT 1h 2026-06-18 18:00:00+00:00 -> 2026-06-21 12:00:00+00:00
2026-06-21 20:52:31.652 | INFO     | crypto_quant.data.sync:run:57 - syncing CITY/USDT 1h 2026-06-18 18:00:00+00:00 -> 2026-06-21 12:00:00+00:00
2026-06-21 20:52:31.814 | INFO     | crypto_quant.data.sync:run:57 - syncing CKB/USDT 1h 2026-06-18 18:00:00+00:00 -> 2026-06-21 12:00:00+00:00
2026-06-21 20:52:31.978 | INFO     | crypto_quant.data.sync:run:57 - syncing COMP/USDT 1h 2026-06-18 18:00:00+00:00 -> 2026-06-21 12:00:00+00:00
2026-06-21 20:52:32.141 | INFO     | crypto_quant.data.sync:run:57 - syncing COOKIE/USDT 1h 2026-06-18 18:00:00+00:00 -> 2026-06-21 12:00:00+00:00
2026-06-21 20:52:32.304 | INFO     | crypto_quant.data.sync:run:57 - syncing COS/USDT 1h 2026-06-18 18:00:00+00:00 -> 2026-06-21 12:00:00+00:00
2026-06-21 20:52:32.618 | INFO     | crypto_quant.data.sync:run:57 - syncing COTI/USDT 1h 2026-06-18 18:00:00+00:00 -> 2026-06-21 12:00:00+00:00
2026-06-21 20:52:32.783 | INFO     | crypto_quant.data.sync:run:57 - syncing COW/USDT 1h 2026-06-18 18:00:00+00:00 -> 2026-06-21 12:00:00+00:00
2026-06-21 20:52:32.944 | INFO     | crypto_quant.data.sync:run:57 - syncing CRCLB/USDT 1h 2026-06-18 18:00:00+00:00 -> 2026-06-21 12:00:00+00:00
2026-06-21 20:52:33.110 | INFO     | crypto_quant.data.sync:run:57 - syncing CRV/USDT 1h 2026-06-18 18:00:00+00:00 -> 2026-06-21 12:00:00+00:00
2026-06-21 20:52:33.275 | INFO     | crypto_quant.data.sync:run:57 - syncing CTK/USDT 1h 2026-06-18 18:00:00+00:00 -> 2026-06-21 12:00:00+00:00
2026-06-21 20:52:33.440 | INFO     | crypto_quant.data.sync:run:57 - syncing CTSI/USDT 1h 2026-06-18 18:00:00+00:00 -> 2026-06-21 12:00:00+00:00
2026-06-21 20:52:33.603 | INFO     | crypto_quant.data.sync:run:57 - syncing CVC/USDT 1h 2026-06-18 18:00:00+00:00 -> 2026-06-21 12:00:00+00:00
2026-06-21 20:52:33.769 | INFO     | crypto_quant.data.sync:run:57 - syncing CVX/USDT 1h 2026-06-18 18:00:00+00:00 -> 2026-06-21 12:00:00+00:00
2026-06-21 20:52:33.935 | INFO     | crypto_quant.data.sync:run:57 - syncing CYBER/USDT 1h 2026-06-18 18:00:00+00:00 -> 2026-06-21 12:00:00+00:00
2026-06-21 20:52:34.099 | INFO     | crypto_quant.data.sync:run:57 - syncing D/USDT 1h 2026-06-18 18:00:00+00:00 -> 2026-06-21 12:00:00+00:00
2026-06-21 20:52:34.408 | INFO     | crypto_quant.data.sync:run:57 - syncing DASH/USDT 1h 2026-06-18 18:00:00+00:00 -> 2026-06-21 12:00:00+00:00
2026-06-21 20:52:34.572 | INFO     | crypto_quant.data.sync:run:57 - syncing DCR/USDT 1h 2026-06-18 18:00:00+00:00 -> 2026-06-21 12:00:00+00:00
2026-06-21 20:52:34.738 | INFO     | crypto_quant.data.sync:run:57 - syncing DEXE/USDT 1h 2026-06-18 18:00:00+00:00 -> 2026-06-21 12:00:00+00:00
2026-06-21 20:52:34.909 | INFO     | crypto_quant.data.sync:run:57 - syncing DGB/USDT 1h 2026-06-18 18:00:00+00:00 -> 2026-06-21 12:00:00+00:00
2026-06-21 20:52:35.075 | INFO     | crypto_quant.data.sync:run:57 - syncing DIA/USDT 1h 2026-06-18 18:00:00+00:00 -> 2026-06-21 12:00:00+00:00
2026-06-21 20:52:35.243 | INFO     | crypto_quant.data.sync:run:57 - syncing DODO/USDT 1h 2026-06-18 18:00:00+00:00 -> 2026-06-21 12:00:00+00:00
2026-06-21 20:52:35.408 | INFO     | crypto_quant.data.sync:run:57 - syncing DOGE/USDT 1h 2026-06-18 18:00:00+00:00 -> 2026-06-21 12:00:00+00:00
2026-06-21 20:52:35.569 | INFO     | crypto_quant.data.sync:run:57 - syncing DOGS/USDT 1h 2026-06-18 18:00:00+00:00 -> 2026-06-21 12:00:00+00:00
2026-06-21 20:52:35.735 | INFO     | crypto_quant.data.sync:run:57 - syncing DOLO/USDT 1h 2026-06-18 18:00:00+00:00 -> 2026-06-21 12:00:00+00:00
2026-06-21 20:52:35.897 | INFO     | crypto_quant.data.sync:run:57 - syncing DOT/USDT 1h 2026-06-18 18:00:00+00:00 -> 2026-06-21 12:00:00+00:00
2026-06-21 20:52:36.061 | INFO     | crypto_quant.data.sync:run:57 - syncing DUSK/USDT 1h 2026-06-18 18:00:00+00:00 -> 2026-06-21 12:00:00+00:00
2026-06-21 20:52:36.227 | INFO     | crypto_quant.data.sync:run:57 - syncing DYDX/USDT 1h 2026-06-18 18:00:00+00:00 -> 2026-06-21 12:00:00+00:00
2026-06-21 20:52:36.395 | INFO     | crypto_quant.data.sync:run:57 - syncing DYM/USDT 1h 2026-06-18 18:00:00+00:00 -> 2026-06-21 12:00:00+00:00
2026-06-21 20:52:36.559 | INFO     | crypto_quant.data.sync:run:57 - syncing EDEN/USDT 1h 2026-06-18 18:00:00+00:00 -> 2026-06-21 12:00:00+00:00
2026-06-21 20:52:36.738 | INFO     | crypto_quant.data.sync:run:57 - syncing EDU/USDT 1h 2026-06-18 18:00:00+00:00 -> 2026-06-21 12:00:00+00:00
2026-06-21 20:52:36.907 | INFO     | crypto_quant.data.sync:run:57 - syncing EGLD/USDT 1h 2026-06-18 18:00:00+00:00 -> 2026-06-21 12:00:00+00:00
2026-06-21 20:52:37.091 | INFO     | crypto_quant.data.sync:run:57 - syncing EIGEN/USDT 1h 2026-06-18 18:00:00+00:00 -> 2026-06-21 12:00:00+00:00
2026-06-21 20:52:37.288 | INFO     | crypto_quant.data.sync:run:57 - syncing ENA/USDT 1h 2026-06-18 18:00:00+00:00 -> 2026-06-21 12:00:00+00:00
2026-06-21 20:52:37.449 | INFO     | crypto_quant.data.sync:run:57 - syncing ENJ/USDT 1h 2026-06-18 18:00:00+00:00 -> 2026-06-21 12:00:00+00:00
2026-06-21 20:52:37.660 | INFO     | crypto_quant.data.sync:run:57 - syncing ENS/USDT 1h 2026-06-18 18:00:00+00:00 -> 2026-06-21 12:00:00+00:00
2026-06-21 20:52:37.831 | INFO     | crypto_quant.data.sync:run:57 - syncing ENSO/USDT 1h 2026-06-18 18:00:00+00:00 -> 2026-06-21 12:00:00+00:00
2026-06-21 20:52:38.006 | INFO     | crypto_quant.data.sync:run:57 - syncing EPIC/USDT 1h 2026-06-18 18:00:00+00:00 -> 2026-06-21 12:00:00+00:00
2026-06-21 20:52:38.170 | INFO     | crypto_quant.data.sync:run:57 - syncing ERA/USDT 1h 2026-06-18 18:00:00+00:00 -> 2026-06-21 12:00:00+00:00
2026-06-21 20:52:38.345 | INFO     | crypto_quant.data.sync:run:57 - syncing ESP/USDT 1h 2026-06-18 18:00:00+00:00 -> 2026-06-21 12:00:00+00:00
2026-06-21 20:52:38.508 | INFO     | crypto_quant.data.sync:run:57 - syncing ETC/USDT 1h 2026-06-18 18:00:00+00:00 -> 2026-06-21 12:00:00+00:00
2026-06-21 20:52:38.671 | INFO     | crypto_quant.data.sync:run:57 - syncing ETH/USDT 1h 2026-06-18 18:00:00+00:00 -> 2026-06-21 12:00:00+00:00
2026-06-21 20:52:38.836 | INFO     | crypto_quant.data.sync:run:57 - syncing ETHFI/USDT 1h 2026-06-18 18:00:00+00:00 -> 2026-06-21 12:00:00+00:00
2026-06-21 20:52:39.002 | INFO     | crypto_quant.data.sync:run:57 - syncing EUL/USDT 1h 2026-06-18 18:00:00+00:00 -> 2026-06-21 12:00:00+00:00
2026-06-21 20:52:39.167 | INFO     | crypto_quant.data.sync:run:57 - syncing EUR/USDT 1h 2026-06-18 18:00:00+00:00 -> 2026-06-21 12:00:00+00:00
2026-06-21 20:52:39.108 | INFO     | crypto_quant.data.sync:run:57 - syncing EURI/USDT 1h 2026-06-18 18:00:00+00:00 -> 2026-06-21 12:00:00+00:00
2026-06-21 20:52:39.272 | INFO     | crypto_quant.data.sync:run:57 - syncing F/USDT 1h 2026-06-18 18:00:00+00:00 -> 2026-06-21 12:00:00+00:00
2026-06-21 20:52:39.436 | INFO     | crypto_quant.data.sync:run:57 - syncing FDUSD/USDT 1h 2026-06-18 18:00:00+00:00 -> 2026-06-21 12:00:00+00:00
2026-06-21 20:52:39.605 | INFO     | crypto_quant.data.sync:run:57 - syncing FET/USDT 1h 2026-06-18 18:00:00+00:00 -> 2026-06-21 12:00:00+00:00
2026-06-21 20:52:39.800 | INFO     | crypto_quant.data.sync:run:57 - syncing FF/USDT 1h 2026-06-18 18:00:00+00:00 -> 2026-06-21 12:00:00+00:00
2026-06-21 20:52:39.990 | INFO     | crypto_quant.data.sync:run:57 - syncing FIDA/USDT 1h 2026-06-18 18:00:00+00:00 -> 2026-06-21 12:00:00+00:00
2026-06-21 20:52:40.151 | INFO     | crypto_quant.data.sync:run:57 - syncing FIL/USDT 1h 2026-06-18 18:00:00+00:00 -> 2026-06-21 12:00:00+00:00
2026-06-21 20:52:40.306 | INFO     | crypto_quant.data.sync:run:57 - syncing FLOKI/USDT 1h 2026-06-18 18:00:00+00:00 -> 2026-06-21 12:00:00+00:00
2026-06-21 20:52:40.462 | INFO     | crypto_quant.data.sync:run:57 - syncing FLOW/USDT 1h 2026-06-18 18:00:00+00:00 -> 2026-06-21 12:00:00+00:00
2026-06-21 20:52:40.617 | INFO     | crypto_quant.data.sync:run:57 - syncing FLUX/USDT 1h 2026-06-18 18:00:00+00:00 -> 2026-06-21 12:00:00+00:00
2026-06-21 20:52:40.773 | INFO     | crypto_quant.data.sync:run:57 - syncing FOGO/USDT 1h 2026-06-18 18:00:00+00:00 -> 2026-06-21 12:00:00+00:00
2026-06-21 20:52:40.930 | INFO     | crypto_quant.data.sync:run:57 - syncing FORM/USDT 1h 2026-06-18 18:00:00+00:00 -> 2026-06-21 12:00:00+00:00
2026-06-21 20:52:41.088 | INFO     | crypto_quant.data.sync:run:57 - syncing FRAX/USDT 1h 2026-06-18 18:00:00+00:00 -> 2026-06-21 12:00:00+00:00
2026-06-21 20:52:41.246 | INFO     | crypto_quant.data.sync:run:57 - syncing FTT/USDT 1h 2026-06-18 18:00:00+00:00 -> 2026-06-21 12:00:00+00:00
2026-06-21 20:52:41.405 | INFO     | crypto_quant.data.sync:run:57 - syncing G/USDT 1h 2026-06-18 18:00:00+00:00 -> 2026-06-21 12:00:00+00:00
2026-06-21 20:52:41.566 | INFO     | crypto_quant.data.sync:run:57 - syncing GALA/USDT 1h 2026-06-18 18:00:00+00:00 -> 2026-06-21 12:00:00+00:00
2026-06-21 20:52:41.723 | INFO     | crypto_quant.data.sync:run:57 - syncing GAS/USDT 1h 2026-06-18 18:00:00+00:00 -> 2026-06-21 12:00:00+00:00
2026-06-21 20:52:41.890 | INFO     | crypto_quant.data.sync:run:57 - syncing GENIUS/USDT 1h 2026-06-18 18:00:00+00:00 -> 2026-06-21 12:00:00+00:00
2026-06-21 20:52:42.052 | INFO     | crypto_quant.data.sync:run:57 - syncing GIGGLE/USDT 1h 2026-06-18 18:00:00+00:00 -> 2026-06-21 12:00:00+00:00
2026-06-21 20:52:42.214 | INFO     | crypto_quant.data.sync:run:57 - syncing GLM/USDT 1h 2026-06-18 18:00:00+00:00 -> 2026-06-21 12:00:00+00:00
2026-06-21 20:52:42.376 | INFO     | crypto_quant.data.sync:run:57 - syncing GLMR/USDT 1h 2026-06-18 18:00:00+00:00 -> 2026-06-21 12:00:00+00:00
2026-06-21 20:52:42.544 | INFO     | crypto_quant.data.sync:run:57 - syncing GMT/USDT 1h 2026-06-18 18:00:00+00:00 -> 2026-06-21 12:00:00+00:00
2026-06-21 20:52:42.726 | INFO     | crypto_quant.data.sync:run:57 - syncing GMX/USDT 1h 2026-06-18 18:00:00+00:00 -> 2026-06-21 12:00:00+00:00
2026-06-21 20:52:42.884 | INFO     | crypto_quant.data.sync:run:57 - syncing GNO/USDT 1h 2026-06-18 18:00:00+00:00 -> 2026-06-21 12:00:00+00:00
2026-06-21 20:52:43.041 | INFO     | crypto_quant.data.sync:run:57 - syncing GNS/USDT 1h 2026-06-18 18:00:00+00:00 -> 2026-06-21 12:00:00+00:00
2026-06-21 20:52:43.198 | INFO     | crypto_quant.data.sync:run:57 - syncing GPS/USDT 1h 2026-06-18 18:00:00+00:00 -> 2026-06-21 12:00:00+00:00
2026-06-21 20:52:43.363 | INFO     | crypto_quant.data.sync:run:57 - syncing GRT/USDT 1h 2026-06-18 18:00:00+00:00 -> 2026-06-21 12:00:00+00:00
2026-06-21 20:52:43.525 | INFO     | crypto_quant.data.sync:run:57 - syncing GTC/USDT 1h 2026-06-18 18:00:00+00:00 -> 2026-06-21 12:00:00+00:00
2026-06-21 20:52:43.684 | INFO     | crypto_quant.data.sync:run:57 - syncing GUN/USDT 1h 2026-06-18 18:00:00+00:00 -> 2026-06-21 12:00:00+00:00
2026-06-21 20:52:43.843 | INFO     | crypto_quant.data.sync:run:57 - syncing HAEDAL/USDT 1h 2026-06-18 18:00:00+00:00 -> 2026-06-21 12:00:00+00:00
2026-06-21 20:52:44.002 | INFO     | crypto_quant.data.sync:run:57 - syncing HBAR/USDT 1h 2026-06-18 18:00:00+00:00 -> 2026-06-21 12:00:00+00:00
2026-06-21 20:52:44.164 | INFO     | crypto_quant.data.sync:run:57 - syncing HEI/USDT 1h 2026-06-18 18:00:00+00:00 -> 2026-06-21 12:00:00+00:00
2026-06-21 20:52:44.325 | INFO     | crypto_quant.data.sync:run:57 - syncing HEMI/USDT 1h 2026-06-18 18:00:00+00:00 -> 2026-06-21 12:00:00+00:00
2026-06-21 20:52:44.489 | INFO     | crypto_quant.data.sync:run:57 - syncing HFT/USDT 1h 2026-06-18 18:00:00+00:00 -> 2026-06-21 12:00:00+00:00
2026-06-21 20:52:44.651 | INFO     | crypto_quant.data.sync:run:57 - syncing HIGH/USDT 1h 2026-06-18 18:00:00+00:00 -> 2026-06-21 12:00:00+00:00
2026-06-21 20:52:44.955 | INFO     | crypto_quant.data.sync:run:57 - syncing HIVE/USDT 1h 2026-06-18 18:00:00+00:00 -> 2026-06-21 12:00:00+00:00
2026-06-21 20:52:45.122 | INFO     | crypto_quant.data.sync:run:57 - syncing HMSTR/USDT 1h 2026-06-18 18:00:00+00:00 -> 2026-06-21 12:00:00+00:00
2026-06-21 20:52:45.289 | INFO     | crypto_quant.data.sync:run:57 - syncing HOLO/USDT 1h 2026-06-18 18:00:00+00:00 -> 2026-06-21 12:00:00+00:00
2026-06-21 20:52:45.454 | INFO     | crypto_quant.data.sync:run:57 - syncing HOME/USDT 1h 2026-06-18 18:00:00+00:00 -> 2026-06-21 12:00:00+00:00
2026-06-21 20:52:45.616 | INFO     | crypto_quant.data.sync:run:57 - syncing HOT/USDT 1h 2026-06-18 18:00:00+00:00 -> 2026-06-21 12:00:00+00:00
2026-06-21 20:52:45.785 | INFO     | crypto_quant.data.sync:run:57 - syncing HUMA/USDT 1h 2026-06-18 18:00:00+00:00 -> 2026-06-21 12:00:00+00:00
2026-06-21 20:52:45.953 | INFO     | crypto_quant.data.sync:run:57 - syncing HYPER/USDT 1h 2026-06-18 18:00:00+00:00 -> 2026-06-21 12:00:00+00:00
2026-06-21 20:52:46.123 | INFO     | crypto_quant.data.sync:run:57 - syncing ICP/USDT 1h 2026-06-18 18:00:00+00:00 -> 2026-06-21 12:00:00+00:00
2026-06-21 20:52:46.285 | INFO     | crypto_quant.data.sync:run:57 - syncing ICX/USDT 1h 2026-06-18 18:00:00+00:00 -> 2026-06-21 12:00:00+00:00
2026-06-21 20:52:46.447 | INFO     | crypto_quant.data.sync:run:57 - syncing ID/USDT 1h 2026-06-18 18:00:00+00:00 -> 2026-06-21 12:00:00+00:00
2026-06-21 20:52:46.617 | INFO     | crypto_quant.data.sync:run:57 - syncing ILV/USDT 1h 2026-06-18 18:00:00+00:00 -> 2026-06-21 12:00:00+00:00
2026-06-21 20:52:46.785 | INFO     | crypto_quant.data.sync:run:57 - syncing IMX/USDT 1h 2026-06-18 18:00:00+00:00 -> 2026-06-21 12:00:00+00:00
2026-06-21 20:52:46.950 | INFO     | crypto_quant.data.sync:run:57 - syncing INIT/USDT 1h 2026-06-18 18:00:00+00:00 -> 2026-06-21 12:00:00+00:00
2026-06-21 20:52:47.109 | INFO     | crypto_quant.data.sync:run:57 - syncing INJ/USDT 1h 2026-06-18 18:00:00+00:00 -> 2026-06-21 12:00:00+00:00
2026-06-21 20:52:47.271 | INFO     | crypto_quant.data.sync:run:57 - syncing IO/USDT 1h 2026-06-18 18:00:00+00:00 -> 2026-06-21 12:00:00+00:00
2026-06-21 20:52:47.434 | INFO     | crypto_quant.data.sync:run:57 - syncing IOST/USDT 1h 2026-06-18 18:00:00+00:00 -> 2026-06-21 12:00:00+00:00
2026-06-21 20:52:47.746 | INFO     | crypto_quant.data.sync:run:57 - syncing IOTA/USDT 1h 2026-06-18 18:00:00+00:00 -> 2026-06-21 12:00:00+00:00
2026-06-21 20:52:47.907 | INFO     | crypto_quant.data.sync:run:57 - syncing IOTX/USDT 1h 2026-06-18 18:00:00+00:00 -> 2026-06-21 12:00:00+00:00
2026-06-21 20:52:48.069 | INFO     | crypto_quant.data.sync:run:57 - syncing IQ/USDT 1h 2026-06-18 18:00:00+00:00 -> 2026-06-21 12:00:00+00:00
2026-06-21 20:52:48.231 | INFO     | crypto_quant.data.sync:run:57 - syncing JASMY/USDT 1h 2026-06-18 18:00:00+00:00 -> 2026-06-21 12:00:00+00:00
2026-06-21 20:52:48.395 | INFO     | crypto_quant.data.sync:run:57 - syncing JOE/USDT 1h 2026-06-18 18:00:00+00:00 -> 2026-06-21 12:00:00+00:00
2026-06-21 20:52:48.562 | INFO     | crypto_quant.data.sync:run:57 - syncing JST/USDT 1h 2026-06-18 18:00:00+00:00 -> 2026-06-21 12:00:00+00:00
2026-06-21 20:52:48.722 | INFO     | crypto_quant.data.sync:run:57 - syncing JTO/USDT 1h 2026-06-18 18:00:00+00:00 -> 2026-06-21 12:00:00+00:00
2026-06-21 20:52:48.889 | INFO     | crypto_quant.data.sync:run:57 - syncing JUP/USDT 1h 2026-06-18 18:00:00+00:00 -> 2026-06-21 12:00:00+00:00
2026-06-21 20:52:49.052 | INFO     | crypto_quant.data.sync:run:57 - syncing JUV/USDT 1h 2026-06-18 18:00:00+00:00 -> 2026-06-21 12:00:00+00:00
2026-06-21 20:52:49.244 | INFO     | crypto_quant.data.sync:run:57 - syncing KAIA/USDT 1h 2026-06-18 18:00:00+00:00 -> 2026-06-21 12:00:00+00:00
2026-06-21 20:52:49.409 | INFO     | crypto_quant.data.sync:run:57 - syncing KAITO/USDT 1h 2026-06-18 18:00:00+00:00 -> 2026-06-21 12:00:00+00:00
2026-06-21 20:52:49.575 | INFO     | crypto_quant.data.sync:run:57 - syncing KAT/USDT 1h 2026-06-18 18:00:00+00:00 -> 2026-06-21 12:00:00+00:00
2026-06-21 20:52:49.742 | INFO     | crypto_quant.data.sync:run:57 - syncing KAVA/USDT 1h 2026-06-18 18:00:00+00:00 -> 2026-06-21 12:00:00+00:00
2026-06-21 20:52:49.905 | INFO     | crypto_quant.data.sync:run:57 - syncing KERNEL/USDT 1h 2026-06-18 18:00:00+00:00 -> 2026-06-21 12:00:00+00:00
2026-06-21 20:52:50.068 | INFO     | crypto_quant.data.sync:run:57 - syncing KGST/USDT 1h 2026-06-18 18:00:00+00:00 -> 2026-06-21 12:00:00+00:00
2026-06-21 20:52:50.232 | INFO     | crypto_quant.data.sync:run:57 - syncing KITE/USDT 1h 2026-06-18 18:00:00+00:00 -> 2026-06-21 12:00:00+00:00
2026-06-21 20:52:50.391 | INFO     | crypto_quant.data.sync:run:57 - syncing KMNO/USDT 1h 2026-06-18 18:00:00+00:00 -> 2026-06-21 12:00:00+00:00
2026-06-21 20:52:50.558 | INFO     | crypto_quant.data.sync:run:57 - syncing KNC/USDT 1h 2026-06-18 18:00:00+00:00 -> 2026-06-21 12:00:00+00:00
2026-06-21 20:52:50.720 | INFO     | crypto_quant.data.sync:run:57 - syncing KSM/USDT 1h 2026-06-18 18:00:00+00:00 -> 2026-06-21 12:00:00+00:00
2026-06-21 20:52:50.881 | INFO     | crypto_quant.data.sync:run:57 - syncing LA/USDT 1h 2026-06-18 18:00:00+00:00 -> 2026-06-21 12:00:00+00:00
2026-06-21 20:52:51.043 | INFO     | crypto_quant.data.sync:run:57 - syncing LAYER/USDT 1h 2026-06-18 18:00:00+00:00 -> 2026-06-21 12:00:00+00:00
2026-06-21 20:52:51.209 | INFO     | crypto_quant.data.sync:run:57 - syncing LAZIO/USDT 1h 2026-06-18 18:00:00+00:00 -> 2026-06-21 12:00:00+00:00
2026-06-21 20:52:51.372 | INFO     | crypto_quant.data.sync:run:57 - syncing LDO/USDT 1h 2026-06-18 18:00:00+00:00 -> 2026-06-21 12:00:00+00:00
2026-06-21 20:52:51.536 | INFO     | crypto_quant.data.sync:run:57 - syncing LINEA/USDT 1h 2026-06-18 18:00:00+00:00 -> 2026-06-21 12:00:00+00:00
2026-06-21 20:52:51.698 | INFO     | crypto_quant.data.sync:run:57 - syncing LINK/USDT 1h 2026-06-18 18:00:00+00:00 -> 2026-06-21 12:00:00+00:00
2026-06-21 20:52:51.864 | INFO     | crypto_quant.data.sync:run:57 - syncing LISTA/USDT 1h 2026-06-18 18:00:00+00:00 -> 2026-06-21 12:00:00+00:00
2026-06-21 20:52:52.030 | INFO     | crypto_quant.data.sync:run:57 - syncing LPT/USDT 1h 2026-06-18 18:00:00+00:00 -> 2026-06-21 12:00:00+00:00
2026-06-21 20:52:52.194 | INFO     | crypto_quant.data.sync:run:57 - syncing LQTY/USDT 1h 2026-06-18 18:00:00+00:00 -> 2026-06-21 12:00:00+00:00
2026-06-21 20:52:52.360 | INFO     | crypto_quant.data.sync:run:57 - syncing LSK/USDT 1h 2026-06-18 18:00:00+00:00 -> 2026-06-21 12:00:00+00:00
2026-06-21 20:52:52.529 | INFO     | crypto_quant.data.sync:run:57 - syncing LTC/USDT 1h 2026-06-18 18:00:00+00:00 -> 2026-06-21 12:00:00+00:00
2026-06-21 20:52:52.692 | INFO     | crypto_quant.data.sync:run:57 - syncing LUMIA/USDT 1h 2026-06-18 18:00:00+00:00 -> 2026-06-21 12:00:00+00:00
2026-06-21 20:52:52.860 | INFO     | crypto_quant.data.sync:run:57 - syncing LUNA/USDT 1h 2026-06-18 18:00:00+00:00 -> 2026-06-21 12:00:00+00:00
2026-06-21 20:52:53.022 | INFO     | crypto_quant.data.sync:run:57 - syncing LUNC/USDT 1h 2026-06-18 18:00:00+00:00 -> 2026-06-21 12:00:00+00:00
2026-06-21 20:52:53.188 | INFO     | crypto_quant.data.sync:run:57 - syncing MAGIC/USDT 1h 2026-06-18 18:00:00+00:00 -> 2026-06-21 12:00:00+00:00
2026-06-21 20:52:53.353 | INFO     | crypto_quant.data.sync:run:57 - syncing MANA/USDT 1h 2026-06-18 18:00:00+00:00 -> 2026-06-21 12:00:00+00:00
2026-06-21 20:52:53.519 | INFO     | crypto_quant.data.sync:run:57 - syncing MANTA/USDT 1h 2026-06-18 18:00:00+00:00 -> 2026-06-21 12:00:00+00:00
2026-06-21 20:52:53.726 | INFO     | crypto_quant.data.sync:run:57 - syncing MANTRA/USDT 1h 2026-06-18 18:00:00+00:00 -> 2026-06-21 12:00:00+00:00
2026-06-21 20:52:53.896 | INFO     | crypto_quant.data.sync:run:57 - syncing MASK/USDT 1h 2026-06-18 18:00:00+00:00 -> 2026-06-21 12:00:00+00:00
2026-06-21 20:52:54.065 | INFO     | crypto_quant.data.sync:run:57 - syncing MAV/USDT 1h 2026-06-18 18:00:00+00:00 -> 2026-06-21 12:00:00+00:00
2026-06-21 20:52:54.231 | INFO     | crypto_quant.data.sync:run:57 - syncing MBL/USDT 1h 2026-06-18 18:00:00+00:00 -> 2026-06-21 12:00:00+00:00
2026-06-21 20:52:54.394 | INFO     | crypto_quant.data.sync:run:57 - syncing MBOX/USDT 1h 2026-06-18 18:00:00+00:00 -> 2026-06-21 12:00:00+00:00
2026-06-21 20:52:54.700 | INFO     | crypto_quant.data.sync:run:57 - syncing ME/USDT 1h 2026-06-18 18:00:00+00:00 -> 2026-06-21 12:00:00+00:00
2026-06-21 20:52:54.861 | INFO     | crypto_quant.data.sync:run:57 - syncing MEGA/USDT 1h 2026-06-18 18:00:00+00:00 -> 2026-06-21 12:00:00+00:00
2026-06-21 20:52:55.031 | INFO     | crypto_quant.data.sync:run:57 - syncing MEME/USDT 1h 2026-06-18 18:00:00+00:00 -> 2026-06-21 12:00:00+00:00
2026-06-21 20:52:55.196 | INFO     | crypto_quant.data.sync:run:57 - syncing MET/USDT 1h 2026-06-18 18:00:00+00:00 -> 2026-06-21 12:00:00+00:00
2026-06-21 20:52:55.363 | INFO     | crypto_quant.data.sync:run:57 - syncing METIS/USDT 1h 2026-06-18 18:00:00+00:00 -> 2026-06-21 12:00:00+00:00
2026-06-21 20:52:55.532 | INFO     | crypto_quant.data.sync:run:57 - syncing MINA/USDT 1h 2026-06-18 18:00:00+00:00 -> 2026-06-21 12:00:00+00:00
2026-06-21 20:52:55.700 | INFO     | crypto_quant.data.sync:run:57 - syncing MIRA/USDT 1h 2026-06-18 18:00:00+00:00 -> 2026-06-21 12:00:00+00:00
2026-06-21 20:52:55.865 | INFO     | crypto_quant.data.sync:run:57 - syncing MITO/USDT 1h 2026-06-18 18:00:00+00:00 -> 2026-06-21 12:00:00+00:00
2026-06-21 20:52:56.031 | INFO     | crypto_quant.data.sync:run:57 - syncing MMT/USDT 1h 2026-06-18 18:00:00+00:00 -> 2026-06-21 12:00:00+00:00
2026-06-21 20:52:56.193 | INFO     | crypto_quant.data.sync:run:57 - syncing MORPHO/USDT 1h 2026-06-18 18:00:00+00:00 -> 2026-06-21 12:00:00+00:00
2026-06-21 20:52:56.355 | INFO     | crypto_quant.data.sync:run:57 - syncing MOVE/USDT 1h 2026-06-18 18:00:00+00:00 -> 2026-06-21 12:00:00+00:00
2026-06-21 20:52:56.543 | INFO     | crypto_quant.data.sync:run:57 - syncing MOVR/USDT 1h 2026-06-18 18:00:00+00:00 -> 2026-06-21 12:00:00+00:00
2026-06-21 20:52:56.707 | INFO     | crypto_quant.data.sync:run:57 - syncing MTL/USDT 1h 2026-06-18 18:00:00+00:00 -> 2026-06-21 12:00:00+00:00
2026-06-21 20:52:56.868 | INFO     | crypto_quant.data.sync:run:57 - syncing MUB/USDT 1h 2026-06-18 18:00:00+00:00 -> 2026-06-21 12:00:00+00:00
2026-06-21 20:52:57.033 | INFO     | crypto_quant.data.sync:run:57 - syncing MUBARAK/USDT 1h 2026-06-18 18:00:00+00:00 -> 2026-06-21 12:00:00+00:00
2026-06-21 20:52:57.197 | INFO     | crypto_quant.data.sync:run:57 - syncing NEAR/USDT 1h 2026-06-18 18:00:00+00:00 -> 2026-06-21 12:00:00+00:00
2026-06-21 20:52:57.363 | INFO     | crypto_quant.data.sync:run:57 - syncing NEIRO/USDT 1h 2026-06-18 18:00:00+00:00 -> 2026-06-21 12:00:00+00:00
2026-06-21 20:52:57.532 | INFO     | crypto_quant.data.sync:run:57 - syncing NEO/USDT 1h 2026-06-18 18:00:00+00:00 -> 2026-06-21 12:00:00+00:00
2026-06-21 20:52:57.692 | INFO     | crypto_quant.data.sync:run:57 - syncing NEWT/USDT 1h 2026-06-18 18:00:00+00:00 -> 2026-06-21 12:00:00+00:00
2026-06-21 20:52:57.855 | INFO     | crypto_quant.data.sync:run:57 - syncing NEXO/USDT 1h 2026-06-18 18:00:00+00:00 -> 2026-06-21 12:00:00+00:00
2026-06-21 20:52:58.025 | INFO     | crypto_quant.data.sync:run:57 - syncing NFP/USDT 1h 2026-06-18 18:00:00+00:00 -> 2026-06-21 12:00:00+00:00
2026-06-21 20:52:58.193 | INFO     | crypto_quant.data.sync:run:57 - syncing NIGHT/USDT 1h 2026-06-18 18:00:00+00:00 -> 2026-06-21 12:00:00+00:00
2026-06-21 20:52:58.354 | INFO     | crypto_quant.data.sync:run:57 - syncing NIL/USDT 1h 2026-06-18 18:00:00+00:00 -> 2026-06-21 12:00:00+00:00
2026-06-21 20:52:58.516 | INFO     | crypto_quant.data.sync:run:57 - syncing NMR/USDT 1h 2026-06-18 18:00:00+00:00 -> 2026-06-21 12:00:00+00:00
2026-06-21 20:52:58.679 | INFO     | crypto_quant.data.sync:run:57 - syncing NOM/USDT 1h 2026-06-18 18:00:00+00:00 -> 2026-06-21 12:00:00+00:00
2026-06-21 20:52:58.922 | INFO     | crypto_quant.data.sync:run:57 - syncing NOT/USDT 1h 2026-06-18 18:00:00+00:00 -> 2026-06-21 12:00:00+00:00
2026-06-21 20:52:59.100 | INFO     | crypto_quant.data.sync:run:57 - syncing NVDAB/USDT 1h 2026-06-18 18:00:00+00:00 -> 2026-06-21 12:00:00+00:00
2026-06-21 20:52:59.263 | INFO     | crypto_quant.data.sync:run:57 - syncing NXPC/USDT 1h 2026-06-18 18:00:00+00:00 -> 2026-06-21 12:00:00+00:00
2026-06-21 20:52:59.425 | INFO     | crypto_quant.data.sync:run:57 - syncing OG/USDT 1h 2026-06-18 18:00:00+00:00 -> 2026-06-21 12:00:00+00:00
2026-06-21 20:52:59.591 | INFO     | crypto_quant.data.sync:run:57 - syncing OGN/USDT 1h 2026-06-18 18:00:00+00:00 -> 2026-06-21 12:00:00+00:00
2026-06-21 20:52:59.753 | INFO     | crypto_quant.data.sync:run:57 - syncing ONDO/USDT 1h 2026-06-18 18:00:00+00:00 -> 2026-06-21 12:00:00+00:00
2026-06-21 20:52:59.918 | INFO     | crypto_quant.data.sync:run:57 - syncing ONE/USDT 1h 2026-06-18 18:00:00+00:00 -> 2026-06-21 12:00:00+00:00
2026-06-21 20:53:00.094 | INFO     | crypto_quant.data.sync:run:57 - syncing ONG/USDT 1h 2026-06-18 18:00:00+00:00 -> 2026-06-21 12:00:00+00:00
2026-06-21 20:53:00.267 | INFO     | crypto_quant.data.sync:run:57 - syncing ONT/USDT 1h 2026-06-18 18:00:00+00:00 -> 2026-06-21 12:00:00+00:00
2026-06-21 20:53:00.432 | INFO     | crypto_quant.data.sync:run:57 - syncing OP/USDT 1h 2026-06-18 18:00:00+00:00 -> 2026-06-21 12:00:00+00:00
2026-06-21 20:53:00.596 | INFO     | crypto_quant.data.sync:run:57 - syncing OPEN/USDT 1h 2026-06-18 18:00:00+00:00 -> 2026-06-21 12:00:00+00:00
2026-06-21 20:53:00.764 | INFO     | crypto_quant.data.sync:run:57 - syncing OPG/USDT 1h 2026-06-18 18:00:00+00:00 -> 2026-06-21 12:00:00+00:00
2026-06-21 20:53:00.928 | INFO     | crypto_quant.data.sync:run:57 - syncing OPN/USDT 1h 2026-06-18 18:00:00+00:00 -> 2026-06-21 12:00:00+00:00
2026-06-21 20:53:01.092 | INFO     | crypto_quant.data.sync:run:57 - syncing ORCA/USDT 1h 2026-06-18 18:00:00+00:00 -> 2026-06-21 12:00:00+00:00
2026-06-21 20:53:01.257 | INFO     | crypto_quant.data.sync:run:57 - syncing ORDI/USDT 1h 2026-06-18 18:00:00+00:00 -> 2026-06-21 12:00:00+00:00
2026-06-21 20:53:01.422 | INFO     | crypto_quant.data.sync:run:57 - syncing OSMO/USDT 1h 2026-06-18 18:00:00+00:00 -> 2026-06-21 12:00:00+00:00
2026-06-21 20:53:01.588 | INFO     | crypto_quant.data.sync:run:57 - syncing PARTI/USDT 1h 2026-06-18 18:00:00+00:00 -> 2026-06-21 12:00:00+00:00
2026-06-21 20:53:01.751 | INFO     | crypto_quant.data.sync:run:57 - syncing PAXG/USDT 1h 2026-06-18 18:00:00+00:00 -> 2026-06-21 12:00:00+00:00
2026-06-21 20:53:01.917 | INFO     | crypto_quant.data.sync:run:57 - syncing PENDLE/USDT 1h 2026-06-18 18:00:00+00:00 -> 2026-06-21 12:00:00+00:00
2026-06-21 20:53:02.082 | INFO     | crypto_quant.data.sync:run:57 - syncing PENGU/USDT 1h 2026-06-18 18:00:00+00:00 -> 2026-06-21 12:00:00+00:00
2026-06-21 20:53:02.250 | INFO     | crypto_quant.data.sync:run:57 - syncing PEOPLE/USDT 1h 2026-06-18 18:00:00+00:00 -> 2026-06-21 12:00:00+00:00
2026-06-21 20:53:02.417 | INFO     | crypto_quant.data.sync:run:57 - syncing PEPE/USDT 1h 2026-06-18 18:00:00+00:00 -> 2026-06-21 12:00:00+00:00
2026-06-21 20:53:02.584 | INFO     | crypto_quant.data.sync:run:57 - syncing PHA/USDT 1h 2026-06-18 18:00:00+00:00 -> 2026-06-21 12:00:00+00:00
2026-06-21 20:53:02.770 | INFO     | crypto_quant.data.sync:run:57 - syncing PIVX/USDT 1h 2026-06-18 18:00:00+00:00 -> 2026-06-21 12:00:00+00:00
2026-06-21 20:53:02.936 | INFO     | crypto_quant.data.sync:run:57 - syncing PIXEL/USDT 1h 2026-06-18 18:00:00+00:00 -> 2026-06-21 12:00:00+00:00
2026-06-21 20:53:03.102 | INFO     | crypto_quant.data.sync:run:57 - syncing PLUME/USDT 1h 2026-06-18 18:00:00+00:00 -> 2026-06-21 12:00:00+00:00
2026-06-21 20:53:03.265 | INFO     | crypto_quant.data.sync:run:57 - syncing PNUT/USDT 1h 2026-06-18 18:00:00+00:00 -> 2026-06-21 12:00:00+00:00
2026-06-21 20:53:03.428 | INFO     | crypto_quant.data.sync:run:57 - syncing POL/USDT 1h 2026-06-18 18:00:00+00:00 -> 2026-06-21 12:00:00+00:00
2026-06-21 20:53:03.597 | INFO     | crypto_quant.data.sync:run:57 - syncing POLYX/USDT 1h 2026-06-18 18:00:00+00:00 -> 2026-06-21 12:00:00+00:00
2026-06-21 20:53:03.761 | INFO     | crypto_quant.data.sync:run:57 - syncing POND/USDT 1h 2026-06-18 18:00:00+00:00 -> 2026-06-21 12:00:00+00:00
2026-06-21 20:53:03.927 | INFO     | crypto_quant.data.sync:run:57 - syncing PORTAL/USDT 1h 2026-06-18 18:00:00+00:00 -> 2026-06-21 12:00:00+00:00
2026-06-21 20:53:04.098 | INFO     | crypto_quant.data.sync:run:57 - syncing PORTO/USDT 1h 2026-06-18 18:00:00+00:00 -> 2026-06-21 12:00:00+00:00
2026-06-21 20:53:04.266 | INFO     | crypto_quant.data.sync:run:57 - syncing POWR/USDT 1h 2026-06-18 18:00:00+00:00 -> 2026-06-21 12:00:00+00:00
2026-06-21 20:53:04.432 | INFO     | crypto_quant.data.sync:run:57 - syncing PROM/USDT 1h 2026-06-18 18:00:00+00:00 -> 2026-06-21 12:00:00+00:00
2026-06-21 20:53:04.604 | INFO     | crypto_quant.data.sync:run:57 - syncing PROVE/USDT 1h 2026-06-18 18:00:00+00:00 -> 2026-06-21 12:00:00+00:00
2026-06-21 20:53:04.772 | INFO     | crypto_quant.data.sync:run:57 - syncing PSG/USDT 1h 2026-06-18 18:00:00+00:00 -> 2026-06-21 12:00:00+00:00
2026-06-21 20:53:04.935 | INFO     | crypto_quant.data.sync:run:57 - syncing PUMP/USDT 1h 2026-06-18 18:00:00+00:00 -> 2026-06-21 12:00:00+00:00
2026-06-21 20:53:05.100 | INFO     | crypto_quant.data.sync:run:57 - syncing PUNDIX/USDT 1h 2026-06-18 18:00:00+00:00 -> 2026-06-21 12:00:00+00:00
2026-06-21 20:53:05.263 | INFO     | crypto_quant.data.sync:run:57 - syncing PYR/USDT 1h 2026-06-18 18:00:00+00:00 -> 2026-06-21 12:00:00+00:00
2026-06-21 20:53:05.428 | INFO     | crypto_quant.data.sync:run:57 - syncing PYTH/USDT 1h 2026-06-18 18:00:00+00:00 -> 2026-06-21 12:00:00+00:00
2026-06-21 20:53:05.592 | INFO     | crypto_quant.data.sync:run:57 - syncing QI/USDT 1h 2026-06-18 18:00:00+00:00 -> 2026-06-21 12:00:00+00:00
2026-06-21 20:53:05.756 | INFO     | crypto_quant.data.sync:run:57 - syncing QKC/USDT 1h 2026-06-18 18:00:00+00:00 -> 2026-06-21 12:00:00+00:00
2026-06-21 20:53:05.919 | INFO     | crypto_quant.data.sync:run:57 - syncing QNT/USDT 1h 2026-06-18 18:00:00+00:00 -> 2026-06-21 12:00:00+00:00
2026-06-21 20:53:06.082 | INFO     | crypto_quant.data.sync:run:57 - syncing QTUM/USDT 1h 2026-06-18 18:00:00+00:00 -> 2026-06-21 12:00:00+00:00
2026-06-21 20:53:06.246 | INFO     | crypto_quant.data.sync:run:57 - syncing QUICK/USDT 1h 2026-06-18 18:00:00+00:00 -> 2026-06-21 12:00:00+00:00
2026-06-21 20:53:06.414 | INFO     | crypto_quant.data.sync:run:57 - syncing RAD/USDT 1h 2026-06-18 18:00:00+00:00 -> 2026-06-21 12:00:00+00:00
2026-06-21 20:53:06.581 | INFO     | crypto_quant.data.sync:run:57 - syncing RARE/USDT 1h 2026-06-18 18:00:00+00:00 -> 2026-06-21 12:00:00+00:00
2026-06-21 20:53:06.746 | INFO     | crypto_quant.data.sync:run:57 - syncing RAY/USDT 1h 2026-06-18 18:00:00+00:00 -> 2026-06-21 12:00:00+00:00
2026-06-21 20:53:06.916 | INFO     | crypto_quant.data.sync:run:57 - syncing RE/USDT 1h 2026-06-18 18:00:00+00:00 -> 2026-06-21 12:00:00+00:00
2026-06-21 20:53:07.079 | INFO     | crypto_quant.data.sync:run:57 - syncing RED/USDT 1h 2026-06-18 18:00:00+00:00 -> 2026-06-21 12:00:00+00:00
2026-06-21 20:53:07.242 | INFO     | crypto_quant.data.sync:run:57 - syncing RENDER/USDT 1h 2026-06-18 18:00:00+00:00 -> 2026-06-21 12:00:00+00:00
2026-06-21 20:53:07.408 | INFO     | crypto_quant.data.sync:run:57 - syncing REQ/USDT 1h 2026-06-18 18:00:00+00:00 -> 2026-06-21 12:00:00+00:00
2026-06-21 20:53:07.571 | INFO     | crypto_quant.data.sync:run:57 - syncing RESOLV/USDT 1h 2026-06-18 18:00:00+00:00 -> 2026-06-21 12:00:00+00:00
2026-06-21 20:53:07.733 | INFO     | crypto_quant.data.sync:run:57 - syncing REZ/USDT 1h 2026-06-18 18:00:00+00:00 -> 2026-06-21 12:00:00+00:00
2026-06-21 20:53:07.906 | INFO     | crypto_quant.data.sync:run:57 - syncing RIF/USDT 1h 2026-06-18 18:00:00+00:00 -> 2026-06-21 12:00:00+00:00
2026-06-21 20:53:08.071 | INFO     | crypto_quant.data.sync:run:57 - syncing RLC/USDT 1h 2026-06-18 18:00:00+00:00 -> 2026-06-21 12:00:00+00:00
2026-06-21 20:53:08.243 | INFO     | crypto_quant.data.sync:run:57 - syncing RLUSD/USDT 1h 2026-06-18 18:00:00+00:00 -> 2026-06-21 12:00:00+00:00
2026-06-21 20:53:08.409 | INFO     | crypto_quant.data.sync:run:57 - syncing ROBO/USDT 1h 2026-06-18 18:00:00+00:00 -> 2026-06-21 12:00:00+00:00
2026-06-21 20:53:08.576 | INFO     | crypto_quant.data.sync:run:57 - syncing RONIN/USDT 1h 2026-06-18 18:00:00+00:00 -> 2026-06-21 12:00:00+00:00
2026-06-21 20:53:08.746 | INFO     | crypto_quant.data.sync:run:57 - syncing ROSE/USDT 1h 2026-06-18 18:00:00+00:00 -> 2026-06-21 12:00:00+00:00
2026-06-21 20:53:08.911 | INFO     | crypto_quant.data.sync:run:57 - syncing RPL/USDT 1h 2026-06-18 18:00:00+00:00 -> 2026-06-21 12:00:00+00:00
2026-06-21 20:53:09.075 | INFO     | crypto_quant.data.sync:run:57 - syncing RSR/USDT 1h 2026-06-18 18:00:00+00:00 -> 2026-06-21 12:00:00+00:00
2026-06-21 20:53:09.031 | INFO     | crypto_quant.data.sync:run:57 - syncing RUNE/USDT 1h 2026-06-18 18:00:00+00:00 -> 2026-06-21 12:00:00+00:00
2026-06-21 20:53:09.204 | INFO     | crypto_quant.data.sync:run:57 - syncing RVN/USDT 1h 2026-06-18 18:00:00+00:00 -> 2026-06-21 12:00:00+00:00
2026-06-21 20:53:09.377 | INFO     | crypto_quant.data.sync:run:57 - syncing S/USDT 1h 2026-06-18 18:00:00+00:00 -> 2026-06-21 12:00:00+00:00
2026-06-21 20:53:09.543 | INFO     | crypto_quant.data.sync:run:57 - syncing SAGA/USDT 1h 2026-06-18 18:00:00+00:00 -> 2026-06-21 12:00:00+00:00
2026-06-21 20:53:09.710 | INFO     | crypto_quant.data.sync:run:57 - syncing SAHARA/USDT 1h 2026-06-18 18:00:00+00:00 -> 2026-06-21 12:00:00+00:00
2026-06-21 20:53:09.927 | INFO     | crypto_quant.data.sync:run:57 - syncing SAND/USDT 1h 2026-06-18 18:00:00+00:00 -> 2026-06-21 12:00:00+00:00
2026-06-21 20:53:10.088 | INFO     | crypto_quant.data.sync:run:57 - syncing SANTOS/USDT 1h 2026-06-18 18:00:00+00:00 -> 2026-06-21 12:00:00+00:00
2026-06-21 20:53:10.248 | INFO     | crypto_quant.data.sync:run:57 - syncing SAPIEN/USDT 1h 2026-06-18 18:00:00+00:00 -> 2026-06-21 12:00:00+00:00
2026-06-21 20:53:10.403 | INFO     | crypto_quant.data.sync:run:57 - syncing SC/USDT 1h 2026-06-18 18:00:00+00:00 -> 2026-06-21 12:00:00+00:00
2026-06-21 20:53:10.565 | INFO     | crypto_quant.data.sync:run:57 - syncing SCR/USDT 1h 2026-06-18 18:00:00+00:00 -> 2026-06-21 12:00:00+00:00
2026-06-21 20:53:10.724 | INFO     | crypto_quant.data.sync:run:57 - syncing SCRT/USDT 1h 2026-06-18 18:00:00+00:00 -> 2026-06-21 12:00:00+00:00
2026-06-21 20:53:10.881 | INFO     | crypto_quant.data.sync:run:57 - syncing SEI/USDT 1h 2026-06-18 18:00:00+00:00 -> 2026-06-21 12:00:00+00:00
2026-06-21 20:53:11.040 | INFO     | crypto_quant.data.sync:run:57 - syncing SENT/USDT 1h 2026-06-18 18:00:00+00:00 -> 2026-06-21 12:00:00+00:00
2026-06-21 20:53:11.200 | INFO     | crypto_quant.data.sync:run:57 - syncing SFP/USDT 1h 2026-06-18 18:00:00+00:00 -> 2026-06-21 12:00:00+00:00
2026-06-21 20:53:11.356 | INFO     | crypto_quant.data.sync:run:57 - syncing SHELL/USDT 1h 2026-06-18 18:00:00+00:00 -> 2026-06-21 12:00:00+00:00
2026-06-21 20:53:11.515 | INFO     | crypto_quant.data.sync:run:57 - syncing SHIB/USDT 1h 2026-06-18 18:00:00+00:00 -> 2026-06-21 12:00:00+00:00
2026-06-21 20:53:11.683 | INFO     | crypto_quant.data.sync:run:57 - syncing SIGN/USDT 1h 2026-06-18 18:00:00+00:00 -> 2026-06-21 12:00:00+00:00
2026-06-21 20:53:11.844 | INFO     | crypto_quant.data.sync:run:57 - syncing SKL/USDT 1h 2026-06-18 18:00:00+00:00 -> 2026-06-21 12:00:00+00:00
2026-06-21 20:53:12.003 | INFO     | crypto_quant.data.sync:run:57 - syncing SKY/USDT 1h 2026-06-18 18:00:00+00:00 -> 2026-06-21 12:00:00+00:00
2026-06-21 20:53:12.161 | INFO     | crypto_quant.data.sync:run:57 - syncing SLP/USDT 1h 2026-06-18 18:00:00+00:00 -> 2026-06-21 12:00:00+00:00
2026-06-21 20:53:12.329 | INFO     | crypto_quant.data.sync:run:57 - syncing SNDKB/USDT 1h 2026-06-18 18:00:00+00:00 -> 2026-06-21 12:00:00+00:00
2026-06-21 20:53:12.495 | INFO     | crypto_quant.data.sync:run:57 - syncing SNX/USDT 1h 2026-06-18 18:00:00+00:00 -> 2026-06-21 12:00:00+00:00
2026-06-21 20:53:12.655 | INFO     | crypto_quant.data.sync:run:57 - syncing SOL/USDT 1h 2026-06-18 18:00:00+00:00 -> 2026-06-21 12:00:00+00:00
2026-06-21 20:53:12.822 | INFO     | crypto_quant.data.sync:run:57 - syncing SOLV/USDT 1h 2026-06-18 18:00:00+00:00 -> 2026-06-21 12:00:00+00:00
2026-06-21 20:53:12.977 | INFO     | crypto_quant.data.sync:run:57 - syncing SOMI/USDT 1h 2026-06-18 18:00:00+00:00 -> 2026-06-21 12:00:00+00:00
2026-06-21 20:53:13.135 | INFO     | crypto_quant.data.sync:run:57 - syncing SOPH/USDT 1h 2026-06-18 18:00:00+00:00 -> 2026-06-21 12:00:00+00:00
2026-06-21 20:53:13.292 | INFO     | crypto_quant.data.sync:run:57 - syncing SPCXB/USDT 1h 2026-06-18 18:00:00+00:00 -> 2026-06-21 12:00:00+00:00
2026-06-21 20:53:13.452 | INFO     | crypto_quant.data.sync:run:57 - syncing SPELL/USDT 1h 2026-06-18 18:00:00+00:00 -> 2026-06-21 12:00:00+00:00
2026-06-21 20:53:13.610 | INFO     | crypto_quant.data.sync:run:57 - syncing SPK/USDT 1h 2026-06-18 18:00:00+00:00 -> 2026-06-21 12:00:00+00:00
2026-06-21 20:53:13.770 | INFO     | crypto_quant.data.sync:run:57 - syncing SSV/USDT 1h 2026-06-18 18:00:00+00:00 -> 2026-06-21 12:00:00+00:00
2026-06-21 20:53:13.926 | INFO     | crypto_quant.data.sync:run:57 - syncing STEEM/USDT 1h 2026-06-18 18:00:00+00:00 -> 2026-06-21 12:00:00+00:00
2026-06-21 20:53:14.096 | INFO     | crypto_quant.data.sync:run:57 - syncing STG/USDT 1h 2026-06-18 18:00:00+00:00 -> 2026-06-21 12:00:00+00:00
2026-06-21 20:53:14.257 | INFO     | crypto_quant.data.sync:run:57 - syncing STO/USDT 1h 2026-06-18 18:00:00+00:00 -> 2026-06-21 12:00:00+00:00
2026-06-21 20:53:14.422 | INFO     | crypto_quant.data.sync:run:57 - syncing STORJ/USDT 1h 2026-06-18 18:00:00+00:00 -> 2026-06-21 12:00:00+00:00
2026-06-21 20:53:14.603 | INFO     | crypto_quant.data.sync:run:57 - syncing STRAX/USDT 1h 2026-06-18 18:00:00+00:00 -> 2026-06-21 12:00:00+00:00
2026-06-21 20:53:14.763 | INFO     | crypto_quant.data.sync:run:57 - syncing STRK/USDT 1h 2026-06-18 18:00:00+00:00 -> 2026-06-21 12:00:00+00:00
2026-06-21 20:53:14.923 | INFO     | crypto_quant.data.sync:run:57 - syncing STX/USDT 1h 2026-06-18 18:00:00+00:00 -> 2026-06-21 12:00:00+00:00
2026-06-21 20:53:15.084 | INFO     | crypto_quant.data.sync:run:57 - syncing SUI/USDT 1h 2026-06-18 18:00:00+00:00 -> 2026-06-21 12:00:00+00:00
2026-06-21 20:53:15.250 | INFO     | crypto_quant.data.sync:run:57 - syncing SUN/USDT 1h 2026-06-18 18:00:00+00:00 -> 2026-06-21 12:00:00+00:00
2026-06-21 20:53:15.410 | INFO     | crypto_quant.data.sync:run:57 - syncing SUPER/USDT 1h 2026-06-18 18:00:00+00:00 -> 2026-06-21 12:00:00+00:00
2026-06-21 20:53:15.572 | INFO     | crypto_quant.data.sync:run:57 - syncing SUSHI/USDT 1h 2026-06-18 18:00:00+00:00 -> 2026-06-21 12:00:00+00:00
2026-06-21 20:53:15.736 | INFO     | crypto_quant.data.sync:run:57 - syncing SXT/USDT 1h 2026-06-18 18:00:00+00:00 -> 2026-06-21 12:00:00+00:00
2026-06-21 20:53:15.899 | INFO     | crypto_quant.data.sync:run:57 - syncing SYN/USDT 1h 2026-06-18 18:00:00+00:00 -> 2026-06-21 12:00:00+00:00
2026-06-21 20:53:16.064 | INFO     | crypto_quant.data.sync:run:57 - syncing SYRUP/USDT 1h 2026-06-18 18:00:00+00:00 -> 2026-06-21 12:00:00+00:00
2026-06-21 20:53:16.229 | INFO     | crypto_quant.data.sync:run:57 - syncing T/USDT 1h 2026-06-18 18:00:00+00:00 -> 2026-06-21 12:00:00+00:00
2026-06-21 20:53:16.430 | INFO     | crypto_quant.data.sync:run:57 - syncing TAO/USDT 1h 2026-06-18 18:00:00+00:00 -> 2026-06-21 12:00:00+00:00
2026-06-21 20:53:16.590 | INFO     | crypto_quant.data.sync:run:57 - syncing TFUEL/USDT 1h 2026-06-18 18:00:00+00:00 -> 2026-06-21 12:00:00+00:00
2026-06-21 20:53:16.748 | INFO     | crypto_quant.data.sync:run:57 - syncing THE/USDT 1h 2026-06-18 18:00:00+00:00 -> 2026-06-21 12:00:00+00:00
2026-06-21 20:53:16.907 | INFO     | crypto_quant.data.sync:run:57 - syncing THETA/USDT 1h 2026-06-18 18:00:00+00:00 -> 2026-06-21 12:00:00+00:00
2026-06-21 20:53:17.066 | INFO     | crypto_quant.data.sync:run:57 - syncing TIA/USDT 1h 2026-06-18 18:00:00+00:00 -> 2026-06-21 12:00:00+00:00
2026-06-21 20:53:17.231 | INFO     | crypto_quant.data.sync:run:57 - syncing TKO/USDT 1h 2026-06-18 18:00:00+00:00 -> 2026-06-21 12:00:00+00:00
2026-06-21 20:53:17.392 | INFO     | crypto_quant.data.sync:run:57 - syncing TLM/USDT 1h 2026-06-18 18:00:00+00:00 -> 2026-06-21 12:00:00+00:00
2026-06-21 20:53:17.551 | INFO     | crypto_quant.data.sync:run:57 - syncing TNSR/USDT 1h 2026-06-18 18:00:00+00:00 -> 2026-06-21 12:00:00+00:00
2026-06-21 20:53:17.721 | INFO     | crypto_quant.data.sync:run:57 - syncing TON/USDT 1h 2026-06-18 18:00:00+00:00 -> 2026-06-21 12:00:00+00:00
2026-06-21 20:53:17.880 | INFO     | crypto_quant.data.sync:run:57 - syncing TOWNS/USDT 1h 2026-06-18 18:00:00+00:00 -> 2026-06-21 12:00:00+00:00
2026-06-21 20:53:18.043 | INFO     | crypto_quant.data.sync:run:57 - syncing TRB/USDT 1h 2026-06-18 18:00:00+00:00 -> 2026-06-21 12:00:00+00:00
2026-06-21 20:53:18.205 | INFO     | crypto_quant.data.sync:run:57 - syncing TREE/USDT 1h 2026-06-18 18:00:00+00:00 -> 2026-06-21 12:00:00+00:00
2026-06-21 20:53:18.365 | INFO     | crypto_quant.data.sync:run:57 - syncing TRUMP/USDT 1h 2026-06-18 18:00:00+00:00 -> 2026-06-21 12:00:00+00:00
2026-06-21 20:53:18.528 | INFO     | crypto_quant.data.sync:run:57 - syncing TRX/USDT 1h 2026-06-18 18:00:00+00:00 -> 2026-06-21 12:00:00+00:00
2026-06-21 20:53:18.696 | INFO     | crypto_quant.data.sync:run:57 - syncing TSLAB/USDT 1h 2026-06-18 18:00:00+00:00 -> 2026-06-21 12:00:00+00:00
2026-06-21 20:53:18.857 | INFO     | crypto_quant.data.sync:run:57 - syncing TST/USDT 1h 2026-06-18 18:00:00+00:00 -> 2026-06-21 12:00:00+00:00
2026-06-21 20:53:19.031 | INFO     | crypto_quant.data.sync:run:57 - syncing TURBO/USDT 1h 2026-06-18 18:00:00+00:00 -> 2026-06-21 12:00:00+00:00
2026-06-21 20:53:19.193 | INFO     | crypto_quant.data.sync:run:57 - syncing TURTLE/USDT 1h 2026-06-18 18:00:00+00:00 -> 2026-06-21 12:00:00+00:00
2026-06-21 20:53:19.356 | INFO     | crypto_quant.data.sync:run:57 - syncing TUSD/USDT 1h 2026-06-18 18:00:00+00:00 -> 2026-06-21 12:00:00+00:00
2026-06-21 20:53:19.528 | INFO     | crypto_quant.data.sync:run:57 - syncing TUT/USDT 1h 2026-06-18 18:00:00+00:00 -> 2026-06-21 12:00:00+00:00
2026-06-21 20:53:19.696 | INFO     | crypto_quant.data.sync:run:57 - syncing TWT/USDT 1h 2026-06-18 18:00:00+00:00 -> 2026-06-21 12:00:00+00:00
2026-06-21 20:53:19.860 | INFO     | crypto_quant.data.sync:run:57 - syncing U/USDT 1h 2026-06-18 18:00:00+00:00 -> 2026-06-21 12:00:00+00:00
2026-06-21 20:53:20.033 | INFO     | crypto_quant.data.sync:run:57 - syncing UMA/USDT 1h 2026-06-18 18:00:00+00:00 -> 2026-06-21 12:00:00+00:00
2026-06-21 20:53:20.209 | INFO     | crypto_quant.data.sync:run:57 - syncing UNI/USDT 1h 2026-06-18 18:00:00+00:00 -> 2026-06-21 12:00:00+00:00
2026-06-21 20:53:20.371 | INFO     | crypto_quant.data.sync:run:57 - syncing USD1/USDT 1h 2026-06-18 18:00:00+00:00 -> 2026-06-21 12:00:00+00:00
2026-06-21 20:53:20.532 | INFO     | crypto_quant.data.sync:run:57 - syncing USDC/USDT 1h 2026-06-18 18:00:00+00:00 -> 2026-06-21 12:00:00+00:00
2026-06-21 20:53:20.715 | INFO     | crypto_quant.data.sync:run:57 - syncing USDE/USDT 1h 2026-06-18 18:00:00+00:00 -> 2026-06-21 12:00:00+00:00
2026-06-21 20:53:20.880 | INFO     | crypto_quant.data.sync:run:57 - syncing USDP/USDT 1h 2026-06-18 18:00:00+00:00 -> 2026-06-21 12:00:00+00:00
2026-06-21 20:53:21.040 | INFO     | crypto_quant.data.sync:run:57 - syncing USDS/USDT 1h 2026-06-18 18:00:00+00:00 -> 2026-06-21 12:00:00+00:00
2026-06-21 20:53:21.209 | INFO     | crypto_quant.data.sync:run:57 - syncing USTC/USDT 1h 2026-06-18 18:00:00+00:00 -> 2026-06-21 12:00:00+00:00
2026-06-21 20:53:21.376 | INFO     | crypto_quant.data.sync:run:57 - syncing USUAL/USDT 1h 2026-06-18 18:00:00+00:00 -> 2026-06-21 12:00:00+00:00
2026-06-21 20:53:21.547 | INFO     | crypto_quant.data.sync:run:57 - syncing VANA/USDT 1h 2026-06-18 18:00:00+00:00 -> 2026-06-21 12:00:00+00:00
2026-06-21 20:53:21.711 | INFO     | crypto_quant.data.sync:run:57 - syncing VANRY/USDT 1h 2026-06-18 18:00:00+00:00 -> 2026-06-21 12:00:00+00:00
2026-06-21 20:53:21.881 | INFO     | crypto_quant.data.sync:run:57 - syncing VELODROME/USDT 1h 2026-06-18 18:00:00+00:00 -> 2026-06-21 12:00:00+00:00
2026-06-21 20:53:22.043 | INFO     | crypto_quant.data.sync:run:57 - syncing VET/USDT 1h 2026-06-18 18:00:00+00:00 -> 2026-06-21 12:00:00+00:00
2026-06-21 20:53:22.210 | INFO     | crypto_quant.data.sync:run:57 - syncing VIC/USDT 1h 2026-06-18 18:00:00+00:00 -> 2026-06-21 12:00:00+00:00
2026-06-21 20:53:22.376 | INFO     | crypto_quant.data.sync:run:57 - syncing VIRTUAL/USDT 1h 2026-06-18 18:00:00+00:00 -> 2026-06-21 12:00:00+00:00
2026-06-21 20:53:22.679 | INFO     | crypto_quant.data.sync:run:57 - syncing VTHO/USDT 1h 2026-06-18 18:00:00+00:00 -> 2026-06-21 12:00:00+00:00
2026-06-21 20:53:22.990 | INFO     | crypto_quant.data.sync:run:57 - syncing W/USDT 1h 2026-06-18 18:00:00+00:00 -> 2026-06-21 12:00:00+00:00
2026-06-21 20:53:23.165 | INFO     | crypto_quant.data.sync:run:57 - syncing WAL/USDT 1h 2026-06-18 18:00:00+00:00 -> 2026-06-21 12:00:00+00:00
2026-06-21 20:53:23.330 | INFO     | crypto_quant.data.sync:run:57 - syncing WAXP/USDT 1h 2026-06-18 18:00:00+00:00 -> 2026-06-21 12:00:00+00:00
2026-06-21 20:53:23.503 | INFO     | crypto_quant.data.sync:run:57 - syncing WBETH/USDT 1h 2026-06-18 18:00:00+00:00 -> 2026-06-21 12:00:00+00:00
2026-06-21 20:53:23.665 | INFO     | crypto_quant.data.sync:run:57 - syncing WBTC/USDT 1h 2026-06-18 18:00:00+00:00 -> 2026-06-21 12:00:00+00:00
2026-06-21 20:53:23.829 | INFO     | crypto_quant.data.sync:run:57 - syncing WCT/USDT 1h 2026-06-18 18:00:00+00:00 -> 2026-06-21 12:00:00+00:00
2026-06-21 20:53:23.995 | INFO     | crypto_quant.data.sync:run:57 - syncing WIF/USDT 1h 2026-06-18 18:00:00+00:00 -> 2026-06-21 12:00:00+00:00
2026-06-21 20:53:24.170 | INFO     | crypto_quant.data.sync:run:57 - syncing WIN/USDT 1h 2026-06-18 18:00:00+00:00 -> 2026-06-21 12:00:00+00:00
2026-06-21 20:53:24.332 | INFO     | crypto_quant.data.sync:run:57 - syncing WLD/USDT 1h 2026-06-18 18:00:00+00:00 -> 2026-06-21 12:00:00+00:00
2026-06-21 20:53:24.499 | INFO     | crypto_quant.data.sync:run:57 - syncing WLFI/USDT 1h 2026-06-18 18:00:00+00:00 -> 2026-06-21 12:00:00+00:00
2026-06-21 20:53:24.661 | INFO     | crypto_quant.data.sync:run:57 - syncing WOO/USDT 1h 2026-06-18 18:00:00+00:00 -> 2026-06-21 12:00:00+00:00
2026-06-21 20:53:24.969 | INFO     | crypto_quant.data.sync:run:57 - syncing XAI/USDT 1h 2026-06-18 18:00:00+00:00 -> 2026-06-21 12:00:00+00:00
2026-06-21 20:53:25.131 | INFO     | crypto_quant.data.sync:run:57 - syncing XAUT/USDT 1h 2026-06-18 18:00:00+00:00 -> 2026-06-21 12:00:00+00:00
2026-06-21 20:53:25.294 | INFO     | crypto_quant.data.sync:run:57 - syncing XEC/USDT 1h 2026-06-18 18:00:00+00:00 -> 2026-06-21 12:00:00+00:00
2026-06-21 20:53:25.454 | INFO     | crypto_quant.data.sync:run:57 - syncing XLM/USDT 1h 2026-06-18 18:00:00+00:00 -> 2026-06-21 12:00:00+00:00
2026-06-21 20:53:25.617 | INFO     | crypto_quant.data.sync:run:57 - syncing XNO/USDT 1h 2026-06-18 18:00:00+00:00 -> 2026-06-21 12:00:00+00:00
2026-06-21 20:53:25.784 | INFO     | crypto_quant.data.sync:run:57 - syncing XPL/USDT 1h 2026-06-18 18:00:00+00:00 -> 2026-06-21 12:00:00+00:00
2026-06-21 20:53:25.952 | INFO     | crypto_quant.data.sync:run:57 - syncing XRP/USDT 1h 2026-06-18 18:00:00+00:00 -> 2026-06-21 12:00:00+00:00
2026-06-21 20:53:26.160 | INFO     | crypto_quant.data.sync:run:57 - syncing XTZ/USDT 1h 2026-06-18 18:00:00+00:00 -> 2026-06-21 12:00:00+00:00
2026-06-21 20:53:26.382 | INFO     | crypto_quant.data.sync:run:57 - syncing XUSD/USDT 1h 2026-06-18 18:00:00+00:00 -> 2026-06-21 12:00:00+00:00
2026-06-21 20:53:26.546 | INFO     | crypto_quant.data.sync:run:57 - syncing XVG/USDT 1h 2026-06-18 18:00:00+00:00 -> 2026-06-21 12:00:00+00:00
2026-06-21 20:53:26.712 | INFO     | crypto_quant.data.sync:run:57 - syncing XVS/USDT 1h 2026-06-18 18:00:00+00:00 -> 2026-06-21 12:00:00+00:00
2026-06-21 20:53:26.882 | INFO     | crypto_quant.data.sync:run:57 - syncing YB/USDT 1h 2026-06-18 18:00:00+00:00 -> 2026-06-21 12:00:00+00:00
2026-06-21 20:53:27.045 | INFO     | crypto_quant.data.sync:run:57 - syncing YFI/USDT 1h 2026-06-18 18:00:00+00:00 -> 2026-06-21 12:00:00+00:00
2026-06-21 20:53:27.213 | INFO     | crypto_quant.data.sync:run:57 - syncing YGG/USDT 1h 2026-06-18 18:00:00+00:00 -> 2026-06-21 12:00:00+00:00
2026-06-21 20:53:27.375 | INFO     | crypto_quant.data.sync:run:57 - syncing ZAMA/USDT 1h 2026-06-18 18:00:00+00:00 -> 2026-06-21 12:00:00+00:00
2026-06-21 20:53:27.541 | INFO     | crypto_quant.data.sync:run:57 - syncing ZBT/USDT 1h 2026-06-18 18:00:00+00:00 -> 2026-06-21 12:00:00+00:00
2026-06-21 20:53:27.702 | INFO     | crypto_quant.data.sync:run:57 - syncing ZEC/USDT 1h 2026-06-18 18:00:00+00:00 -> 2026-06-21 12:00:00+00:00
2026-06-21 20:53:27.871 | INFO     | crypto_quant.data.sync:run:57 - syncing ZEN/USDT 1h 2026-06-18 18:00:00+00:00 -> 2026-06-21 12:00:00+00:00
2026-06-21 20:53:28.035 | INFO     | crypto_quant.data.sync:run:57 - syncing ZIL/USDT 1h 2026-06-18 18:00:00+00:00 -> 2026-06-21 12:00:00+00:00
2026-06-21 20:53:28.201 | INFO     | crypto_quant.data.sync:run:57 - syncing ZK/USDT 1h 2026-06-18 18:00:00+00:00 -> 2026-06-21 12:00:00+00:00
2026-06-21 20:53:28.363 | INFO     | crypto_quant.data.sync:run:57 - syncing ZKC/USDT 1h 2026-06-18 18:00:00+00:00 -> 2026-06-21 12:00:00+00:00
2026-06-21 20:53:28.525 | INFO     | crypto_quant.data.sync:run:57 - syncing ZKP/USDT 1h 2026-06-18 18:00:00+00:00 -> 2026-06-21 12:00:00+00:00
2026-06-21 20:53:28.700 | INFO     | crypto_quant.data.sync:run:57 - syncing ZRO/USDT 1h 2026-06-18 18:00:00+00:00 -> 2026-06-21 12:00:00+00:00
2026-06-21 20:53:28.861 | INFO     | crypto_quant.data.sync:run:57 - syncing ZRX/USDT 1h 2026-06-18 18:00:00+00:00 -> 2026-06-21 12:00:00+00:00
2026-06-21 20:53:29.027 | INFO     | crypto_quant.data.sync:run:57 - syncing 币安人生/USDT 1h 2026-06-18 18:00:00+00:00 -> 2026-06-21 12:00:00+00:00
{"equity": 100000.0, "expected_candle_time": "2026-06-21T12:00:00+00:00", "fill_time": "2026-06-21T11:00:00+00:00", "lag_seconds": 3600, "latest_candle_time": "2026-06-21T11:00:00+00:00", "orders": 0, "reason": null, "report_path": "reports/834/report.html", "run_id": 834, "signal_time": "2026-06-21T10:00:00+00:00", "state_path": "paper_state/main.json", "status": "completed", "sync_errors": 0, "synced_rows": 28614}
